Using pre-set license
Built from '6000.0/staging' branch; Version is '6000.0.36f1 (9fe3b5f71dbb) revision 10478517'; Using compiler version '193933523'; Build Type 'Release'
OS: 'Windows 11  (10.0.26100) 64bit Core' Language: 'da' Physical Memory: 16088 MB
BatchMode: 1, IsHumanControllingUs: 0, StartBugReporterOnCrash: 0, Is64bit: 1, IsPro: 1

COMMAND LINE ARGUMENTS:
C:\Program Files\Unity\Hub\Editor\6000.0.36f1\Editor\Unity.exe
-adb2
-batchMode
-noUpm
-name
AssetImportWorker6
-projectPath
C:/Users/Morte/One man war
-logFile
Logs/AssetImportWorker6.log
-srvPort
61430
-job-worker-count
7
-background-job-worker-count
8
-gc-helper-count
1
Successfully changed project path to: C:/Users/Morte/One man war
C:/Users/Morte/One man war
[UnityMemory] Configuration Parameters - Can be set up in boot.config
    "memorysetup-bucket-allocator-granularity=16"
    "memorysetup-bucket-allocator-bucket-count=8"
    "memorysetup-bucket-allocator-block-size=33554432"
    "memorysetup-bucket-allocator-block-count=8"
    "memorysetup-main-allocator-block-size=16777216"
    "memorysetup-thread-allocator-block-size=16777216"
    "memorysetup-gfx-main-allocator-block-size=16777216"
    "memorysetup-gfx-thread-allocator-block-size=16777216"
    "memorysetup-cache-allocator-block-size=4194304"
    "memorysetup-typetree-allocator-block-size=2097152"
    "memorysetup-profiler-bucket-allocator-granularity=16"
    "memorysetup-profiler-bucket-allocator-bucket-count=8"
    "memorysetup-profiler-bucket-allocator-block-size=33554432"
    "memorysetup-profiler-bucket-allocator-block-count=8"
    "memorysetup-profiler-allocator-block-size=16777216"
    "memorysetup-profiler-editor-allocator-block-size=1048576"
    "memorysetup-temp-allocator-size-main=16777216"
    "memorysetup-job-temp-allocator-block-size=2097152"
    "memorysetup-job-temp-allocator-block-size-background=1048576"
    "memorysetup-job-temp-allocator-reduction-small-platforms=262144"
    "memorysetup-allocator-temp-initial-block-size-main=262144"
    "memorysetup-allocator-temp-initial-block-size-worker=262144"
    "memorysetup-temp-allocator-size-background-worker=32768"
    "memorysetup-temp-allocator-size-job-worker=262144"
    "memorysetup-temp-allocator-size-preload-manager=33554432"
    "memorysetup-temp-allocator-size-nav-mesh-worker=65536"
    "memorysetup-temp-allocator-size-audio-worker=65536"
    "memorysetup-temp-allocator-size-cloud-worker=32768"
    "memorysetup-temp-allocator-size-gi-baking-worker=262144"
    "memorysetup-temp-allocator-size-gi-baking-worker=262144"
    "memorysetup-temp-allocator-size-gi-baking-worker=262144"
    "memorysetup-temp-allocator-size-gi-baking-worker=262144"
    "memorysetup-temp-allocator-size-gi-baking-worker=262144"
    "memorysetup-temp-allocator-size-gfx=262144"
Player connection [26260]  Target information:

Player connection [26260]  * "[IP] 192.168.0.134 [Port] 0 [Flags] 2 [Guid] 1084600319 [EditorId] 1084600319 [Version] 1048832 [Id] WindowsEditor(7,MSI) [Debug] 1 [PackageName] WindowsEditor [ProjectName] Editor" 

Player connection [26260] Host joined multi-casting on [225.0.0.222:54997]...
Player connection [26260] Host joined alternative multi-casting on [225.0.0.222:34997]...
JobSystem: Creating JobQueue using job-worker-count value 7
Input System module state changed to: Initialized.
[Physics::Module] Initialized fallback backend.
[Physics::Module] Id: 0xdecafbad
Library Redirect Path: Library/
[Physics::Module] Selected backend.
[Physics::Module] Name: PhysX
[Physics::Module] Id: 0xf2b8ea05
[Physics::Module] SDK Version: 4.1.2
[Physics::Module] Integration Version: 1.0.0
[Physics::Module] Threading Mode: Multi-Threaded
Refreshing native plugins compatible for Editor in 3.98 ms, found 4 plugins.
Preloading 0 native plugins for Editor in 0.00 ms.
Initialize engine version: 6000.0.36f1 (9fe3b5f71dbb)
[Subsystems] Discovering subsystems at path C:/Program Files/Unity/Hub/Editor/6000.0.36f1/Editor/Data/Resources/UnitySubsystems
[Subsystems] Discovering subsystems at path C:/Users/Morte/One man war/Assets
GfxDevice: creating device client; kGfxThreadingModeNonThreaded
Direct3D:
    Version:  Direct3D 11.0 [level 11.1]
    Renderer: NVIDIA GeForce RTX 4050 Laptop GPU (ID=0x28a1)
    Vendor:   NVIDIA
    VRAM:     5921 MB
    Driver:   32.0.15.6614
Initialize mono
Mono path[0] = 'C:/Program Files/Unity/Hub/Editor/6000.0.36f1/Editor/Data/Managed'
Mono path[1] = 'C:/Program Files/Unity/Hub/Editor/6000.0.36f1/Editor/Data/MonoBleedingEdge/lib/mono/unityjit-win32'
Mono config path = 'C:/Program Files/Unity/Hub/Editor/6000.0.36f1/Editor/Data/MonoBleedingEdge/etc'
Using monoOptions --debugger-agent=transport=dt_socket,embedding=1,server=y,suspend=n,address=127.0.0.1:56704
Begin MonoManager ReloadAssembly
Registering precompiled unity dll's ...
Register platform support module: C:/Program Files/Unity/Hub/Editor/6000.0.36f1/Editor/Data/PlaybackEngines/WindowsStandaloneSupport/UnityEditor.WindowsStandalone.Extensions.dll
Registered in 0.002900 seconds.
- Loaded All Assemblies, in  0.663 seconds
Native extension for WindowsStandalone target not found
Mono: successfully reloaded assembly
- Finished resetting the current domain, in  0.414 seconds
Domain Reload Profiling: 1075ms
	BeginReloadAssembly (379ms)
		ExecutionOrderSort (0ms)
		DisableScriptedObjects (0ms)
		BackupInstance (0ms)
		ReleaseScriptingObjects (0ms)
		CreateAndSetChildDomain (2ms)
	RebuildCommonClasses (43ms)
	RebuildNativeTypeToScriptingClass (12ms)
	initialDomainReloadingComplete (59ms)
	LoadAllAssembliesAndSetupDomain (167ms)
		LoadAssemblies (370ms)
		RebuildTransferFunctionScriptingTraits (0ms)
		AnalyzeDomain (164ms)
			TypeCache.Refresh (162ms)
				TypeCache.ScanAssembly (145ms)
			BuildScriptInfoCaches (0ms)
			ResolveRequiredComponents (1ms)
	FinalizeReload (415ms)
		ReleaseScriptCaches (0ms)
		RebuildScriptCaches (0ms)
		SetupLoadedEditorAssemblies (365ms)
			LogAssemblyErrors (0ms)
			InitializePlatformSupportModulesInManaged (34ms)
			SetLoadedEditorAssemblies (5ms)
			BeforeProcessingInitializeOnLoad (68ms)
			ProcessInitializeOnLoadAttributes (200ms)
			ProcessInitializeOnLoadMethodAttributes (58ms)
			AfterProcessingInitializeOnLoad (0ms)
			EditorAssembliesLoaded (0ms)
		ExecutionOrderSort2 (0ms)
		AwakeInstancesAfterBackupRestoration (0ms)
========================================================================
Worker process is ready to serve import requests
Import Worker Mode flag is 0x00
Begin MonoManager ReloadAssembly
- Loaded All Assemblies, in  1.264 seconds
Refreshing native plugins compatible for Editor in 3.04 ms, found 4 plugins.
Native extension for WindowsStandalone target not found
Mono: successfully reloaded assembly
- Finished resetting the current domain, in  1.560 seconds
Domain Reload Profiling: 2819ms
	BeginReloadAssembly (228ms)
		ExecutionOrderSort (0ms)
		DisableScriptedObjects (6ms)
		BackupInstance (0ms)
		ReleaseScriptingObjects (0ms)
		CreateAndSetChildDomain (32ms)
	RebuildCommonClasses (40ms)
	RebuildNativeTypeToScriptingClass (12ms)
	initialDomainReloadingComplete (45ms)
	LoadAllAssembliesAndSetupDomain (932ms)
		LoadAssemblies (578ms)
		RebuildTransferFunctionScriptingTraits (0ms)
		AnalyzeDomain (509ms)
			TypeCache.Refresh (381ms)
				TypeCache.ScanAssembly (357ms)
			BuildScriptInfoCaches (105ms)
			ResolveRequiredComponents (17ms)
	FinalizeReload (1561ms)
		ReleaseScriptCaches (0ms)
		RebuildScriptCaches (0ms)
		SetupLoadedEditorAssemblies (1259ms)
			LogAssemblyErrors (0ms)
			InitializePlatformSupportModulesInManaged (5ms)
			SetLoadedEditorAssemblies (12ms)
			BeforeProcessingInitializeOnLoad (229ms)
			ProcessInitializeOnLoadAttributes (775ms)
			ProcessInitializeOnLoadMethodAttributes (228ms)
			AfterProcessingInitializeOnLoad (9ms)
			EditorAssembliesLoaded (0ms)
		ExecutionOrderSort2 (0ms)
		AwakeInstancesAfterBackupRestoration (14ms)
Launched and connected shader compiler UnityShaderCompiler.exe after 0.11 seconds
Refreshing native plugins compatible for Editor in 5.47 ms, found 4 plugins.
Preloading 0 native plugins for Editor in 0.00 ms.
Unloading 206 Unused Serialized files (Serialized files now loaded: 0)
Unloading 6556 unused Assets / (4.2 MB). Loaded Objects now: 7254.
Memory consumption went from 178.2 MB to 174.0 MB.
Total: 13.367800 ms (FindLiveObjects: 0.799900 ms CreateObjectMapping: 1.064000 ms MarkObjects: 8.310100 ms  DeleteObjects: 3.191700 ms)

========================================================================
Received Import Request.
  Time since last request: 1702706.348359 seconds.
  path: Assets/0x72_DungeonTilesetII_v1.7_200.asset
  artifactKey: Guid(dfd348d4ba3df97459371166ffc2a944) Importer(815301076,1909f56bfc062723c751e8b465ee728b)
Start importing Assets/0x72_DungeonTilesetII_v1.7_200.asset using Guid(dfd348d4ba3df97459371166ffc2a944) Importer(815301076,1909f56bfc062723c751e8b465ee728b) (PreviewImporter) -> (artifact id: '8ee2b141958e5afbb5c3f9193be535e3') in 0.2513941 seconds
Number of updated asset objects reloaded before import = 0Number of asset objects unloaded after import = 3

========================================================================
Received Import Request.
  Time since last request: 0.000038 seconds.
  path: Assets/0x72_DungeonTilesetII_v1.7_103.asset
  artifactKey: Guid(3991ff8d11595fe4b98697b798a77e66) Importer(815301076,1909f56bfc062723c751e8b465ee728b)
Start importing Assets/0x72_DungeonTilesetII_v1.7_103.asset using Guid(3991ff8d11595fe4b98697b798a77e66) Importer(815301076,1909f56bfc062723c751e8b465ee728b) (PreviewImporter) -> (artifact id: 'c068879e40d5e7c6304c1c121af182a5') in 0.0325817 seconds
Number of updated asset objects reloaded before import = 0Number of asset objects unloaded after import = 3

========================================================================
Received Import Request.
  Time since last request: 0.000044 seconds.
  path: Assets/0x72_DungeonTilesetII_v1.7_105.asset
  artifactKey: Guid(53ef5978b8642184daa003b455dafe81) Importer(815301076,1909f56bfc062723c751e8b465ee728b)
Start importing Assets/0x72_DungeonTilesetII_v1.7_105.asset using Guid(53ef5978b8642184daa003b455dafe81) Importer(815301076,1909f56bfc062723c751e8b465ee728b) (PreviewImporter) -> (artifact id: '5854be2f3643f58eed426a289009ca1b') in 0.0331476 seconds
Number of updated asset objects reloaded before import = 0Number of asset objects unloaded after import = 3

========================================================================
Received Import Request.
  Time since last request: 0.000020 seconds.
  path: Assets/0x72_DungeonTilesetII_v1.7_168.asset
  artifactKey: Guid(b9d92c7e333325f46967e62494d35e95) Importer(815301076,1909f56bfc062723c751e8b465ee728b)
Start importing Assets/0x72_DungeonTilesetII_v1.7_168.asset using Guid(b9d92c7e333325f46967e62494d35e95) Importer(815301076,1909f56bfc062723c751e8b465ee728b) (PreviewImporter) -> (artifact id: '59edc270b7c5e10ee85f687d2908a029') in 0.0464374 seconds
Number of updated asset objects reloaded before import = 0Number of asset objects unloaded after import = 3

========================================================================
Received Import Request.
  Time since last request: 0.000025 seconds.
  path: Assets/0x72_DungeonTilesetII_v1.7_97.asset
  artifactKey: Guid(58837003686ea1949a049713e73fb615) Importer(815301076,1909f56bfc062723c751e8b465ee728b)
Start importing Assets/0x72_DungeonTilesetII_v1.7_97.asset using Guid(58837003686ea1949a049713e73fb615) Importer(815301076,1909f56bfc062723c751e8b465ee728b) (PreviewImporter) -> (artifact id: 'ca52b773e3ed5e9dc93731f6763fa6f4') in 0.0438541 seconds
Number of updated asset objects reloaded before import = 0Number of asset objects unloaded after import = 3

========================================================================
Received Import Request.
  Time since last request: 0.000022 seconds.
  path: Assets/0x72_DungeonTilesetII_v1.7_19.asset
  artifactKey: Guid(c2fc6105d82d03349bbd5a4afb465a3f) Importer(815301076,1909f56bfc062723c751e8b465ee728b)
Start importing Assets/0x72_DungeonTilesetII_v1.7_19.asset using Guid(c2fc6105d82d03349bbd5a4afb465a3f) Importer(815301076,1909f56bfc062723c751e8b465ee728b) (PreviewImporter) -> (artifact id: '413858b349451ee370d1825098f966de') in 0.048557 seconds
Number of updated asset objects reloaded before import = 0Number of asset objects unloaded after import = 3

========================================================================
Received Import Request.
  Time since last request: 0.000044 seconds.
  path: Assets/0x72_DungeonTilesetII_v1.7_16.asset
  artifactKey: Guid(14ba30ac2d66280459d7355e9b087bb8) Importer(815301076,1909f56bfc062723c751e8b465ee728b)
Start importing Assets/0x72_DungeonTilesetII_v1.7_16.asset using Guid(14ba30ac2d66280459d7355e9b087bb8) Importer(815301076,1909f56bfc062723c751e8b465ee728b) (PreviewImporter) -> (artifact id: '1839f11a142427bcf1fa569306e93bb7') in 0.0554901 seconds
Number of updated asset objects reloaded before import = 0Number of asset objects unloaded after import = 3

========================================================================
Received Import Request.
  Time since last request: 0.000044 seconds.
  path: Assets/0x72_DungeonTilesetII_v1.7_260.asset
  artifactKey: Guid(ba179cb0aeac0d94383167a04c546c21) Importer(815301076,1909f56bfc062723c751e8b465ee728b)
Start importing Assets/0x72_DungeonTilesetII_v1.7_260.asset using Guid(ba179cb0aeac0d94383167a04c546c21) Importer(815301076,1909f56bfc062723c751e8b465ee728b) (PreviewImporter) -> (artifact id: 'a544990405f66f4683c78a48d705a334') in 0.045484 seconds
Number of updated asset objects reloaded before import = 0Number of asset objects unloaded after import = 3

========================================================================
Received Import Request.
  Time since last request: 0.000022 seconds.
  path: Assets/0x72_DungeonTilesetII_v1.7_159.asset
  artifactKey: Guid(8d988009c55d0034c90bd50071c97b6e) Importer(815301076,1909f56bfc062723c751e8b465ee728b)
Start importing Assets/0x72_DungeonTilesetII_v1.7_159.asset using Guid(8d988009c55d0034c90bd50071c97b6e) Importer(815301076,1909f56bfc062723c751e8b465ee728b) (PreviewImporter) -> (artifact id: 'b8a1fbfc188724a26e5e614d6d5e4dea') in 0.0432659 seconds
Number of updated asset objects reloaded before import = 0Number of asset objects unloaded after import = 3

========================================================================
Received Import Request.
  Time since last request: 0.000042 seconds.
  path: Assets/0x72_DungeonTilesetII_v1.7_160.asset
  artifactKey: Guid(21477d3381bd8c643ba8e6b8f87df082) Importer(815301076,1909f56bfc062723c751e8b465ee728b)
Start importing Assets/0x72_DungeonTilesetII_v1.7_160.asset using Guid(21477d3381bd8c643ba8e6b8f87df082) Importer(815301076,1909f56bfc062723c751e8b465ee728b) (PreviewImporter) -> (artifact id: '9b032f1d6bf2f3dc2d420fc7b12d22ee') in 0.0745541 seconds
Number of updated asset objects reloaded before import = 0Number of asset objects unloaded after import = 3

========================================================================
Received Import Request.
  Time since last request: 0.000019 seconds.
  path: Assets/0x72_DungeonTilesetII_v1.7_95.asset
  artifactKey: Guid(608499f7b1a39d64190d2d92aa430d55) Importer(815301076,1909f56bfc062723c751e8b465ee728b)
Start importing Assets/0x72_DungeonTilesetII_v1.7_95.asset using Guid(608499f7b1a39d64190d2d92aa430d55) Importer(815301076,1909f56bfc062723c751e8b465ee728b) (PreviewImporter) -> (artifact id: 'cc00e3db29d44c30e3999b65ace2d904') in 0.0492977 seconds
Number of updated asset objects reloaded before import = 0Number of asset objects unloaded after import = 3

========================================================================
Received Import Request.
  Time since last request: 0.000039 seconds.
  path: Assets/0x72_DungeonTilesetII_v1.7_165.asset
  artifactKey: Guid(e60e49e45f511034fb10c23c7e7c7cf4) Importer(815301076,1909f56bfc062723c751e8b465ee728b)
Start importing Assets/0x72_DungeonTilesetII_v1.7_165.asset using Guid(e60e49e45f511034fb10c23c7e7c7cf4) Importer(815301076,1909f56bfc062723c751e8b465ee728b) (PreviewImporter) -> (artifact id: 'd8a12b0353e9793fb353a4717b27c0bf') in 0.0355848 seconds
Number of updated asset objects reloaded before import = 0Number of asset objects unloaded after import = 3

========================================================================
Received Import Request.
  Time since last request: 0.000039 seconds.
  path: Assets/0x72_DungeonTilesetII_v1.7_236.asset
  artifactKey: Guid(5a14111284eab56489cea54fd6153b09) Importer(815301076,1909f56bfc062723c751e8b465ee728b)
Start importing Assets/0x72_DungeonTilesetII_v1.7_236.asset using Guid(5a14111284eab56489cea54fd6153b09) Importer(815301076,1909f56bfc062723c751e8b465ee728b) (PreviewImporter) -> (artifact id: '99651d11820925b2b35b511d63250334') in 0.0512953 seconds
Number of updated asset objects reloaded before import = 0Number of asset objects unloaded after import = 3

========================================================================
Received Import Request.
  Time since last request: 0.000026 seconds.
  path: Assets/0x72_DungeonTilesetII_v1.7_86.asset
  artifactKey: Guid(312760de85894694a9e3bf89d220d728) Importer(815301076,1909f56bfc062723c751e8b465ee728b)
Start importing Assets/0x72_DungeonTilesetII_v1.7_86.asset using Guid(312760de85894694a9e3bf89d220d728) Importer(815301076,1909f56bfc062723c751e8b465ee728b) (PreviewImporter) -> (artifact id: 'f99e4071772d99a11331ca4a49558956') in 0.0518389 seconds
Number of updated asset objects reloaded before import = 0Number of asset objects unloaded after import = 3

========================================================================
Received Import Request.
  Time since last request: 0.000039 seconds.
  path: Assets/0x72_DungeonTilesetII_v1.7_232.asset
  artifactKey: Guid(9bb38d32c768f6c41a4c796d8d13fcff) Importer(815301076,1909f56bfc062723c751e8b465ee728b)
Start importing Assets/0x72_DungeonTilesetII_v1.7_232.asset using Guid(9bb38d32c768f6c41a4c796d8d13fcff) Importer(815301076,1909f56bfc062723c751e8b465ee728b) (PreviewImporter) -> (artifact id: '7af10967ce72a1eafbe5f59382c61fad') in 0.0409738 seconds
Number of updated asset objects reloaded before import = 0Number of asset objects unloaded after import = 3

========================================================================
Received Import Request.
  Time since last request: 0.000058 seconds.
  path: Assets/0x72_DungeonTilesetII_v1.7_85.asset
  artifactKey: Guid(f1d618e8c25899b48a69b0c926a5157d) Importer(815301076,1909f56bfc062723c751e8b465ee728b)
Start importing Assets/0x72_DungeonTilesetII_v1.7_85.asset using Guid(f1d618e8c25899b48a69b0c926a5157d) Importer(815301076,1909f56bfc062723c751e8b465ee728b) (PreviewImporter) -> (artifact id: 'a1845cac1016b6dbe422b1fa7667c50f') in 0.0328997 seconds
Number of updated asset objects reloaded before import = 0Number of asset objects unloaded after import = 3

========================================================================
Received Import Request.
  Time since last request: 0.000026 seconds.
  path: Assets/0x72_DungeonTilesetII_v1.7_92.asset
  artifactKey: Guid(ec505817f2b043445a654b151f6c34ed) Importer(815301076,1909f56bfc062723c751e8b465ee728b)
Start importing Assets/0x72_DungeonTilesetII_v1.7_92.asset using Guid(ec505817f2b043445a654b151f6c34ed) Importer(815301076,1909f56bfc062723c751e8b465ee728b) (PreviewImporter) -> (artifact id: '097a46349d30bf9a57626ceb6d8449dc') in 0.0450047 seconds
Number of updated asset objects reloaded before import = 0Number of asset objects unloaded after import = 3

========================================================================
Received Import Request.
  Time since last request: 0.000033 seconds.
  path: Assets/0x72_DungeonTilesetII_v1.7_270.asset
  artifactKey: Guid(45f4152fa17e6f542b1acf6feb31ecb5) Importer(815301076,1909f56bfc062723c751e8b465ee728b)
Start importing Assets/0x72_DungeonTilesetII_v1.7_270.asset using Guid(45f4152fa17e6f542b1acf6feb31ecb5) Importer(815301076,1909f56bfc062723c751e8b465ee728b) (PreviewImporter) -> (artifact id: '044590c9bceba905ff3dc7d2db8c915b') in 0.0319261 seconds
Number of updated asset objects reloaded before import = 0Number of asset objects unloaded after import = 3

========================================================================
Received Import Request.
  Time since last request: 0.000058 seconds.
  path: Assets/0x72_DungeonTilesetII_v1.7_149.asset
  artifactKey: Guid(5eeea69c1a944244ba8d7f7338a93d1a) Importer(815301076,1909f56bfc062723c751e8b465ee728b)
Start importing Assets/0x72_DungeonTilesetII_v1.7_149.asset using Guid(5eeea69c1a944244ba8d7f7338a93d1a) Importer(815301076,1909f56bfc062723c751e8b465ee728b) (PreviewImporter) -> (artifact id: 'f9977fa5ec749b8dea229797ade74b55') in 0.0555579 seconds
Number of updated asset objects reloaded before import = 0Number of asset objects unloaded after import = 3

========================================================================
Received Import Request.
  Time since last request: 0.000044 seconds.
  path: Assets/0x72_DungeonTilesetII_v1.7_15.asset
  artifactKey: Guid(41eda35cc0080114da074f24700ac803) Importer(815301076,1909f56bfc062723c751e8b465ee728b)
Start importing Assets/0x72_DungeonTilesetII_v1.7_15.asset using Guid(41eda35cc0080114da074f24700ac803) Importer(815301076,1909f56bfc062723c751e8b465ee728b) (PreviewImporter) -> (artifact id: '81c8d6ab2d7d1fb91409882a4a2a6a19') in 0.040981 seconds
Number of updated asset objects reloaded before import = 0Number of asset objects unloaded after import = 3

========================================================================
Received Import Request.
  Time since last request: 0.000040 seconds.
  path: Assets/0x72_DungeonTilesetII_v1.7_22.asset
  artifactKey: Guid(2fb65ac6db1819a4a8dc2c5e2783eff3) Importer(815301076,1909f56bfc062723c751e8b465ee728b)
Start importing Assets/0x72_DungeonTilesetII_v1.7_22.asset using Guid(2fb65ac6db1819a4a8dc2c5e2783eff3) Importer(815301076,1909f56bfc062723c751e8b465ee728b) (PreviewImporter) -> (artifact id: 'c9138d015c60e39382be1026428712fd') in 0.0379596 seconds
Number of updated asset objects reloaded before import = 0Number of asset objects unloaded after import = 3

========================================================================
Received Import Request.
  Time since last request: 0.000048 seconds.
  path: Assets/0x72_DungeonTilesetII_v1.7_220.asset
  artifactKey: Guid(ec61f78660ab7344fb38490f1ce0879a) Importer(815301076,1909f56bfc062723c751e8b465ee728b)
Start importing Assets/0x72_DungeonTilesetII_v1.7_220.asset using Guid(ec61f78660ab7344fb38490f1ce0879a) Importer(815301076,1909f56bfc062723c751e8b465ee728b) (PreviewImporter) -> (artifact id: 'e42b9e8bca779250cad3123bab174d7a') in 0.0498352 seconds
Number of updated asset objects reloaded before import = 0Number of asset objects unloaded after import = 3

========================================================================
Received Import Request.
  Time since last request: 0.000033 seconds.
  path: Assets/0x72_DungeonTilesetII_v1.7_79.asset
  artifactKey: Guid(8cc9f16422bf7bc48821c81fef3bea18) Importer(815301076,1909f56bfc062723c751e8b465ee728b)
Start importing Assets/0x72_DungeonTilesetII_v1.7_79.asset using Guid(8cc9f16422bf7bc48821c81fef3bea18) Importer(815301076,1909f56bfc062723c751e8b465ee728b) (PreviewImporter) -> (artifact id: 'b0b3f30b917ae5bfd4a6b26cd2bf7060') in 0.0534737 seconds
Number of updated asset objects reloaded before import = 0Number of asset objects unloaded after import = 3

========================================================================
Received Import Request.
  Time since last request: 0.000034 seconds.
  path: Assets/0x72_DungeonTilesetII_v1.7_254.asset
  artifactKey: Guid(d6d4fd9cb9f1c504dae9288e27cc378e) Importer(815301076,1909f56bfc062723c751e8b465ee728b)
Start importing Assets/0x72_DungeonTilesetII_v1.7_254.asset using Guid(d6d4fd9cb9f1c504dae9288e27cc378e) Importer(815301076,1909f56bfc062723c751e8b465ee728b) (PreviewImporter) -> (artifact id: '262be19581a97decf44fef6705a1f790') in 0.0496046 seconds
Number of updated asset objects reloaded before import = 0Number of asset objects unloaded after import = 3

========================================================================
Received Import Request.
  Time since last request: 0.000051 seconds.
  path: Assets/0x72_DungeonTilesetII_v1.7_224.asset
  artifactKey: Guid(1978f9e0ad0dd8f48914ec077ff9cd92) Importer(815301076,1909f56bfc062723c751e8b465ee728b)
Start importing Assets/0x72_DungeonTilesetII_v1.7_224.asset using Guid(1978f9e0ad0dd8f48914ec077ff9cd92) Importer(815301076,1909f56bfc062723c751e8b465ee728b) (PreviewImporter) -> (artifact id: 'b9d9313da59c80f434acf958215aac9d') in 0.0553123 seconds
Number of updated asset objects reloaded before import = 0Number of asset objects unloaded after import = 3

========================================================================
Received Import Request.
  Time since last request: 0.000028 seconds.
  path: Assets/0x72_DungeonTilesetII_v1.7_205.asset
  artifactKey: Guid(18ed1c3ed06529b4199289e94091e77e) Importer(815301076,1909f56bfc062723c751e8b465ee728b)
Start importing Assets/0x72_DungeonTilesetII_v1.7_205.asset using Guid(18ed1c3ed06529b4199289e94091e77e) Importer(815301076,1909f56bfc062723c751e8b465ee728b) (PreviewImporter) -> (artifact id: 'f6686d44efb6334323741add45d59807') in 0.041131 seconds
Number of updated asset objects reloaded before import = 0Number of asset objects unloaded after import = 3

========================================================================
Received Import Request.
  Time since last request: 0.000044 seconds.
  path: Assets/0x72_DungeonTilesetII_v1.7_191.asset
  artifactKey: Guid(1880af42e61bb674097208a6f38ca2f4) Importer(815301076,1909f56bfc062723c751e8b465ee728b)
Start importing Assets/0x72_DungeonTilesetII_v1.7_191.asset using Guid(1880af42e61bb674097208a6f38ca2f4) Importer(815301076,1909f56bfc062723c751e8b465ee728b) (PreviewImporter) -> (artifact id: 'b659ae5738a80971d2c3c16e2e1f35c4') in 0.0330737 seconds
Number of updated asset objects reloaded before import = 0Number of asset objects unloaded after import = 3

========================================================================
Received Import Request.
  Time since last request: 0.000045 seconds.
  path: Assets/0x72_DungeonTilesetII_v1.7_10.asset
  artifactKey: Guid(1f43a6725d3d1f145821b0e8b94f8b47) Importer(815301076,1909f56bfc062723c751e8b465ee728b)
Start importing Assets/0x72_DungeonTilesetII_v1.7_10.asset using Guid(1f43a6725d3d1f145821b0e8b94f8b47) Importer(815301076,1909f56bfc062723c751e8b465ee728b) (PreviewImporter) -> (artifact id: 'd9b5ec1452517e14d9a229554cca3db9') in 0.0302395 seconds
Number of updated asset objects reloaded before import = 0Number of asset objects unloaded after import = 3

========================================================================
Received Import Request.
  Time since last request: 0.000025 seconds.
  path: Assets/0x72_DungeonTilesetII_v1.7_262.asset
  artifactKey: Guid(bfea54a5851dd8f449fa2aa771eb65f8) Importer(815301076,1909f56bfc062723c751e8b465ee728b)
Start importing Assets/0x72_DungeonTilesetII_v1.7_262.asset using Guid(bfea54a5851dd8f449fa2aa771eb65f8) Importer(815301076,1909f56bfc062723c751e8b465ee728b) (PreviewImporter) -> (artifact id: 'dfb56a5df12e2f916c00cac7973676a8') in 0.0339465 seconds
Number of updated asset objects reloaded before import = 0Number of asset objects unloaded after import = 3

========================================================================
Received Import Request.
  Time since last request: 0.000027 seconds.
  path: Assets/0x72_DungeonTilesetII_v1.7_256.asset
  artifactKey: Guid(cb584ad4458c488428d410b0e1bfa015) Importer(815301076,1909f56bfc062723c751e8b465ee728b)
Start importing Assets/0x72_DungeonTilesetII_v1.7_256.asset using Guid(cb584ad4458c488428d410b0e1bfa015) Importer(815301076,1909f56bfc062723c751e8b465ee728b) (PreviewImporter) -> (artifact id: '6293213fedaaeef4e85f4ee0376885e4') in 0.0274279 seconds
Number of updated asset objects reloaded before import = 0Number of asset objects unloaded after import = 3

========================================================================
Received Import Request.
  Time since last request: 0.000039 seconds.
  path: Assets/0x72_DungeonTilesetII_v1.7_227.asset
  artifactKey: Guid(01dc6232ce40b2643b11a81fc3511b4a) Importer(815301076,1909f56bfc062723c751e8b465ee728b)
Start importing Assets/0x72_DungeonTilesetII_v1.7_227.asset using Guid(01dc6232ce40b2643b11a81fc3511b4a) Importer(815301076,1909f56bfc062723c751e8b465ee728b) (PreviewImporter) -> (artifact id: 'cbffc1dadec162190a6c925a24d5d0d2') in 0.0286208 seconds
Number of updated asset objects reloaded before import = 0Number of asset objects unloaded after import = 3

========================================================================
Received Import Request.
  Time since last request: 0.000054 seconds.
  path: Assets/0x72_DungeonTilesetII_v1.7_263.asset
  artifactKey: Guid(655f428aabc2b3a47bc5a9aaca178e26) Importer(815301076,1909f56bfc062723c751e8b465ee728b)
Start importing Assets/0x72_DungeonTilesetII_v1.7_263.asset using Guid(655f428aabc2b3a47bc5a9aaca178e26) Importer(815301076,1909f56bfc062723c751e8b465ee728b) (PreviewImporter) -> (artifact id: '14f07704b9a0ab70042db56e015c12a3') in 0.0360147 seconds
Number of updated asset objects reloaded before import = 0Number of asset objects unloaded after import = 3

========================================================================
Received Prepare
Refreshing native plugins compatible for Editor in 3.35 ms, found 4 plugins.
Preloading 0 native plugins for Editor in 0.00 ms.
Unloading 13 Unused Serialized files (Serialized files now loaded: 0)
Unloading 6543 unused Assets / (4.0 MB). Loaded Objects now: 7313.
Memory consumption went from 150.5 MB to 146.5 MB.
Total: 13.336500 ms (FindLiveObjects: 0.678100 ms CreateObjectMapping: 0.494400 ms MarkObjects: 9.181600 ms  DeleteObjects: 2.980000 ms)

Prepare: number of updated asset objects reloaded= 0
========================================================================
Received Prepare
Begin MonoManager ReloadAssembly
- Loaded All Assemblies, in  1.165 seconds
Refreshing native plugins compatible for Editor in 2.87 ms, found 4 plugins.
Native extension for WindowsStandalone target not found
Mono: successfully reloaded assembly
- Finished resetting the current domain, in  1.316 seconds
Domain Reload Profiling: 2481ms
	BeginReloadAssembly (317ms)
		ExecutionOrderSort (0ms)
		DisableScriptedObjects (17ms)
		BackupInstance (0ms)
		ReleaseScriptingObjects (0ms)
		CreateAndSetChildDomain (70ms)
	RebuildCommonClasses (73ms)
	RebuildNativeTypeToScriptingClass (24ms)
	initialDomainReloadingComplete (37ms)
	LoadAllAssembliesAndSetupDomain (713ms)
		LoadAssemblies (585ms)
		RebuildTransferFunctionScriptingTraits (0ms)
		AnalyzeDomain (296ms)
			TypeCache.Refresh (12ms)
				TypeCache.ScanAssembly (0ms)
			BuildScriptInfoCaches (256ms)
			ResolveRequiredComponents (18ms)
	FinalizeReload (1317ms)
		ReleaseScriptCaches (0ms)
		RebuildScriptCaches (0ms)
		SetupLoadedEditorAssemblies (1000ms)
			LogAssemblyErrors (0ms)
			InitializePlatformSupportModulesInManaged (4ms)
			SetLoadedEditorAssemblies (9ms)
			BeforeProcessingInitializeOnLoad (232ms)
			ProcessInitializeOnLoadAttributes (657ms)
			ProcessInitializeOnLoadMethodAttributes (90ms)
			AfterProcessingInitializeOnLoad (7ms)
			EditorAssembliesLoaded (0ms)
		ExecutionOrderSort2 (0ms)
		AwakeInstancesAfterBackupRestoration (23ms)
Refreshing native plugins compatible for Editor in 2.81 ms, found 4 plugins.
Preloading 0 native plugins for Editor in 0.00 ms.
Unloading 13 Unused Serialized files (Serialized files now loaded: 0)
Unloading 6554 unused Assets / (4.2 MB). Loaded Objects now: 7315.
Memory consumption went from 155.2 MB to 151.0 MB.
Total: 11.487400 ms (FindLiveObjects: 0.677700 ms CreateObjectMapping: 0.526400 ms MarkObjects: 7.442500 ms  DeleteObjects: 2.838900 ms)

Prepare: number of updated asset objects reloaded= 0
========================================================================
Received Import Request.
  Time since last request: 14.695456 seconds.
  path: Assets/0x72_DungeonTilesetII_v1.7_130.asset
  artifactKey: Guid(653faa72cc87da74694170a704ce84e3) Importer(815301076,1909f56bfc062723c751e8b465ee728b)
Start importing Assets/0x72_DungeonTilesetII_v1.7_130.asset using Guid(653faa72cc87da74694170a704ce84e3) Importer(815301076,1909f56bfc062723c751e8b465ee728b) (PreviewImporter) -> (artifact id: 'f7f1c014357f5c3dbce11ff7f6d0520c') in 0.1949895 seconds
Number of updated asset objects reloaded before import = 0Number of asset objects unloaded after import = 3

========================================================================
Received Import Request.
  Time since last request: 0.000032 seconds.
  path: Assets/0x72_DungeonTilesetII_v1.7_48.asset
  artifactKey: Guid(16a06839a60d16747831f6f320bff3cc) Importer(815301076,1909f56bfc062723c751e8b465ee728b)
Start importing Assets/0x72_DungeonTilesetII_v1.7_48.asset using Guid(16a06839a60d16747831f6f320bff3cc) Importer(815301076,1909f56bfc062723c751e8b465ee728b) (PreviewImporter) -> (artifact id: '353054a71f80e090aa6b1ea6ee91295f') in 0.0326302 seconds
Number of updated asset objects reloaded before import = 0Number of asset objects unloaded after import = 3

========================================================================
Received Import Request.
  Time since last request: 0.000041 seconds.
  path: Assets/0x72_DungeonTilesetII_v1.7_135.asset
  artifactKey: Guid(6170d4db576731c479161084dea219a6) Importer(815301076,1909f56bfc062723c751e8b465ee728b)
Start importing Assets/0x72_DungeonTilesetII_v1.7_135.asset using Guid(6170d4db576731c479161084dea219a6) Importer(815301076,1909f56bfc062723c751e8b465ee728b) (PreviewImporter) -> (artifact id: '2bfe213fe595fcf0a9d7bc9eb98d52ee') in 0.0310355 seconds
Number of updated asset objects reloaded before import = 0Number of asset objects unloaded after import = 3

========================================================================
Received Import Request.
  Time since last request: 0.000032 seconds.
  path: Assets/0x72_DungeonTilesetII_v1.7_74.asset
  artifactKey: Guid(e9d8c72c18b767c4d87d0949f423001b) Importer(815301076,1909f56bfc062723c751e8b465ee728b)
Start importing Assets/0x72_DungeonTilesetII_v1.7_74.asset using Guid(e9d8c72c18b767c4d87d0949f423001b) Importer(815301076,1909f56bfc062723c751e8b465ee728b) (PreviewImporter) -> (artifact id: '2ddce493abdc85d7ddc89163bdc135a8') in 0.0670929 seconds
Number of updated asset objects reloaded before import = 0Number of asset objects unloaded after import = 3

========================================================================
Received Import Request.
  Time since last request: 0.000046 seconds.
  path: Assets/0x72_DungeonTilesetII_v1.7_37.asset
  artifactKey: Guid(a68170eb997ce9f478bedd3cac2d8b81) Importer(815301076,1909f56bfc062723c751e8b465ee728b)
Start importing Assets/0x72_DungeonTilesetII_v1.7_37.asset using Guid(a68170eb997ce9f478bedd3cac2d8b81) Importer(815301076,1909f56bfc062723c751e8b465ee728b) (PreviewImporter) -> (artifact id: '0cd254cd3be9d0a2e9647a73a5b217f7') in 0.0162614 seconds
Number of updated asset objects reloaded before import = 0Number of asset objects unloaded after import = 3

========================================================================
Received Import Request.
  Time since last request: 0.000047 seconds.
  path: Assets/0x72_DungeonTilesetII_v1.7_117.asset
  artifactKey: Guid(9a23ad1adf21b5d45af856c5f18dba15) Importer(815301076,1909f56bfc062723c751e8b465ee728b)
Start importing Assets/0x72_DungeonTilesetII_v1.7_117.asset using Guid(9a23ad1adf21b5d45af856c5f18dba15) Importer(815301076,1909f56bfc062723c751e8b465ee728b) (PreviewImporter) -> (artifact id: 'fce4154390e8b508341643509d52ba7f') in 0.0553247 seconds
Number of updated asset objects reloaded before import = 0Number of asset objects unloaded after import = 3

========================================================================
Received Import Request.
  Time since last request: 0.000084 seconds.
  path: Assets/0x72_DungeonTilesetII_v1.7_127.asset
  artifactKey: Guid(74c488f23eb060b46b53d9564fa3b586) Importer(815301076,1909f56bfc062723c751e8b465ee728b)
Start importing Assets/0x72_DungeonTilesetII_v1.7_127.asset using Guid(74c488f23eb060b46b53d9564fa3b586) Importer(815301076,1909f56bfc062723c751e8b465ee728b) (PreviewImporter) -> (artifact id: '9cca351695e2d22fe4720b3607f25f94') in 0.0602789 seconds
Number of updated asset objects reloaded before import = 0Number of asset objects unloaded after import = 3

========================================================================
Received Import Request.
  Time since last request: 0.000044 seconds.
  path: Assets/0x72_DungeonTilesetII_v1.7_41.asset
  artifactKey: Guid(52ec5a6a1f1955c4e8a8b1a328390c75) Importer(815301076,1909f56bfc062723c751e8b465ee728b)
Start importing Assets/0x72_DungeonTilesetII_v1.7_41.asset using Guid(52ec5a6a1f1955c4e8a8b1a328390c75) Importer(815301076,1909f56bfc062723c751e8b465ee728b) (PreviewImporter) -> (artifact id: '9d060f2d79e017504ec586e7c84c7788') in 0.0514196 seconds
Number of updated asset objects reloaded before import = 0Number of asset objects unloaded after import = 3

========================================================================
Received Import Request.
  Time since last request: 0.000109 seconds.
  path: Assets/0x72_DungeonTilesetII_v1.7_67.asset
  artifactKey: Guid(33fbb8b98b7197b429a47abe58a7e75a) Importer(815301076,1909f56bfc062723c751e8b465ee728b)
Start importing Assets/0x72_DungeonTilesetII_v1.7_67.asset using Guid(33fbb8b98b7197b429a47abe58a7e75a) Importer(815301076,1909f56bfc062723c751e8b465ee728b) (PreviewImporter) -> (artifact id: '85e2b0bd0d71497d99bfabb2f46c1d8b') in 0.0589145 seconds
Number of updated asset objects reloaded before import = 0Number of asset objects unloaded after import = 3

========================================================================
Received Import Request.
  Time since last request: 0.000042 seconds.
  path: Assets/0x72_DungeonTilesetII_v1.7_73.asset
  artifactKey: Guid(a0ac2b077c2b45943b5b79ce4641e7b2) Importer(815301076,1909f56bfc062723c751e8b465ee728b)
Start importing Assets/0x72_DungeonTilesetII_v1.7_73.asset using Guid(a0ac2b077c2b45943b5b79ce4641e7b2) Importer(815301076,1909f56bfc062723c751e8b465ee728b) (PreviewImporter) -> (artifact id: 'e778c9cfff7720ffdb0128985ce3ac18') in 0.0413951 seconds
Number of updated asset objects reloaded before import = 0Number of asset objects unloaded after import = 3

========================================================================
Received Import Request.
  Time since last request: 0.000085 seconds.
  path: Assets/0x72_DungeonTilesetII_v1.7_126.asset
  artifactKey: Guid(7c3b41b720710784ebffff24a0a930d0) Importer(815301076,1909f56bfc062723c751e8b465ee728b)
Start importing Assets/0x72_DungeonTilesetII_v1.7_126.asset using Guid(7c3b41b720710784ebffff24a0a930d0) Importer(815301076,1909f56bfc062723c751e8b465ee728b) (PreviewImporter) -> (artifact id: 'a7f6e4963b9cb436a106f0da0b135a9c') in 0.0396968 seconds
Number of updated asset objects reloaded before import = 0Number of asset objects unloaded after import = 3

========================================================================
Received Import Request.
  Time since last request: 0.000055 seconds.
  path: Assets/0x72_DungeonTilesetII_v1.7_36.asset
  artifactKey: Guid(75589604b116c9c41905bbc8d540f879) Importer(815301076,1909f56bfc062723c751e8b465ee728b)
Start importing Assets/0x72_DungeonTilesetII_v1.7_36.asset using Guid(75589604b116c9c41905bbc8d540f879) Importer(815301076,1909f56bfc062723c751e8b465ee728b) (PreviewImporter) -> (artifact id: 'cc12bf9d9d0c6d4de0263c367261053c') in 0.0574991 seconds
Number of updated asset objects reloaded before import = 0Number of asset objects unloaded after import = 3

========================================================================
Received Import Request.
  Time since last request: 0.000030 seconds.
  path: Assets/0x72_DungeonTilesetII_v1.7_71.asset
  artifactKey: Guid(37f593f559c8e7043951e5350eb66466) Importer(815301076,1909f56bfc062723c751e8b465ee728b)
Start importing Assets/0x72_DungeonTilesetII_v1.7_71.asset using Guid(37f593f559c8e7043951e5350eb66466) Importer(815301076,1909f56bfc062723c751e8b465ee728b) (PreviewImporter) -> (artifact id: '5d49e64fbf6149957ed7d850907b4f04') in 0.0408267 seconds
Number of updated asset objects reloaded before import = 0Number of asset objects unloaded after import = 3

========================================================================
Received Import Request.
  Time since last request: 0.000038 seconds.
  path: Assets/0x72_DungeonTilesetII_v1.7_40.asset
  artifactKey: Guid(681ee0673b784934cb29a975ff251fd0) Importer(815301076,1909f56bfc062723c751e8b465ee728b)
Start importing Assets/0x72_DungeonTilesetII_v1.7_40.asset using Guid(681ee0673b784934cb29a975ff251fd0) Importer(815301076,1909f56bfc062723c751e8b465ee728b) (PreviewImporter) -> (artifact id: '656ffd85dd88c0889db699f8fd455410') in 0.0621381 seconds
Number of updated asset objects reloaded before import = 0Number of asset objects unloaded after import = 3

========================================================================
Received Import Request.
  Time since last request: 0.000050 seconds.
  path: Assets/0x72_DungeonTilesetII_v1.7_54.asset
  artifactKey: Guid(43bbc905ebbd1eb478f801359e687b9c) Importer(815301076,1909f56bfc062723c751e8b465ee728b)
Start importing Assets/0x72_DungeonTilesetII_v1.7_54.asset using Guid(43bbc905ebbd1eb478f801359e687b9c) Importer(815301076,1909f56bfc062723c751e8b465ee728b) (PreviewImporter) -> (artifact id: '2f3cc15fd504adfb75a0bba0856c6e7e') in 0.0597671 seconds
Number of updated asset objects reloaded before import = 0Number of asset objects unloaded after import = 3

========================================================================
Received Import Request.
  Time since last request: 0.000055 seconds.
  path: Assets/0x72_DungeonTilesetII_v1.7_134.asset
  artifactKey: Guid(c952dd083a369604a885a38edb682e6a) Importer(815301076,1909f56bfc062723c751e8b465ee728b)
Start importing Assets/0x72_DungeonTilesetII_v1.7_134.asset using Guid(c952dd083a369604a885a38edb682e6a) Importer(815301076,1909f56bfc062723c751e8b465ee728b) (PreviewImporter) -> (artifact id: '29f8baacb123d6b0e28ec273aa0aee32') in 0.0547045 seconds
Number of updated asset objects reloaded before import = 0Number of asset objects unloaded after import = 3

========================================================================
Received Import Request.
  Time since last request: 0.000044 seconds.
  path: Assets/0x72_DungeonTilesetII_v1.7_72.asset
  artifactKey: Guid(13ffd28f9ac1ba344b09d2f07ac74b63) Importer(815301076,1909f56bfc062723c751e8b465ee728b)
Start importing Assets/0x72_DungeonTilesetII_v1.7_72.asset using Guid(13ffd28f9ac1ba344b09d2f07ac74b63) Importer(815301076,1909f56bfc062723c751e8b465ee728b) (PreviewImporter) -> (artifact id: '8f50a14f2d2baee1c05eb79a771bd07a') in 0.0397735 seconds
Number of updated asset objects reloaded before import = 0Number of asset objects unloaded after import = 3

========================================================================
Received Import Request.
  Time since last request: 0.000060 seconds.
  path: Assets/0x72_DungeonTilesetII_v1.7_34.asset
  artifactKey: Guid(75a29340491de5846917ad5f04dbe839) Importer(815301076,1909f56bfc062723c751e8b465ee728b)
Start importing Assets/0x72_DungeonTilesetII_v1.7_34.asset using Guid(75a29340491de5846917ad5f04dbe839) Importer(815301076,1909f56bfc062723c751e8b465ee728b) (PreviewImporter) -> (artifact id: '4c88fbcc0f3cc4be1ce12e649a7bdef7') in 0.051211 seconds
Number of updated asset objects reloaded before import = 0Number of asset objects unloaded after import = 3

========================================================================
Received Import Request.
  Time since last request: 4.652421 seconds.
  path: Assets/0x72_DungeonTilesetII_v1.7_239.asset
  artifactKey: Guid(797ba697c6da23d469787becedd92c6c) Importer(815301076,1909f56bfc062723c751e8b465ee728b)
Start importing Assets/0x72_DungeonTilesetII_v1.7_239.asset using Guid(797ba697c6da23d469787becedd92c6c) Importer(815301076,1909f56bfc062723c751e8b465ee728b) (PreviewImporter) -> (artifact id: 'bb749ece6eff384473bc2bf2e69ce861') in 0.0497973 seconds
Number of updated asset objects reloaded before import = 0Number of asset objects unloaded after import = 3

========================================================================
Received Import Request.
  Time since last request: 0.000021 seconds.
  path: Assets/0x72_DungeonTilesetII_v1.7_245.asset
  artifactKey: Guid(783847bb20aaded499d8ed1f3fde081c) Importer(815301076,1909f56bfc062723c751e8b465ee728b)
Start importing Assets/0x72_DungeonTilesetII_v1.7_245.asset using Guid(783847bb20aaded499d8ed1f3fde081c) Importer(815301076,1909f56bfc062723c751e8b465ee728b) (PreviewImporter) -> (artifact id: '4e19ce1d18ae76235cd36eda1e43b999') in 0.0513703 seconds
Number of updated asset objects reloaded before import = 0Number of asset objects unloaded after import = 3

Editor requested this worker to shutdown with reason: Scaling down because of idle timeout
AssetImportWorker is now disconnected from the server
Process exiting
Exiting without the bug reporter. Application will terminate with return code 0