Using pre-set license
Built from '6000.0/staging' branch; Version is '6000.0.36f1 (9fe3b5f71dbb) revision 10478517'; Using compiler version '193933523'; Build Type 'Release'
OS: 'Windows 11  (10.0.26100) 64bit Core' Language: 'da' Physical Memory: 16088 MB
BatchMode: 1, IsHumanControllingUs: 0, StartBugReporterOnCrash: 0, Is64bit: 1, IsPro: 1

COMMAND LINE ARGUMENTS:
C:\Program Files\Unity\Hub\Editor\6000.0.36f1\Editor\Unity.exe
-adb2
-batchMode
-noUpm
-name
AssetImportWorker0
-projectPath
C:/Users/Morte/One man war
-logFile
Logs/AssetImportWorker0.log
-srvPort
61430
-job-worker-count
7
-background-job-worker-count
8
-gc-helper-count
1
Successfully changed project path to: C:/Users/Morte/One man war
C:/Users/Morte/One man war
[UnityMemory] Configuration Parameters - Can be set up in boot.config
    "memorysetup-bucket-allocator-granularity=16"
    "memorysetup-bucket-allocator-bucket-count=8"
    "memorysetup-bucket-allocator-block-size=33554432"
    "memorysetup-bucket-allocator-block-count=8"
    "memorysetup-main-allocator-block-size=16777216"
    "memorysetup-thread-allocator-block-size=16777216"
    "memorysetup-gfx-main-allocator-block-size=16777216"
    "memorysetup-gfx-thread-allocator-block-size=16777216"
    "memorysetup-cache-allocator-block-size=4194304"
    "memorysetup-typetree-allocator-block-size=2097152"
    "memorysetup-profiler-bucket-allocator-granularity=16"
    "memorysetup-profiler-bucket-allocator-bucket-count=8"
    "memorysetup-profiler-bucket-allocator-block-size=33554432"
    "memorysetup-profiler-bucket-allocator-block-count=8"
    "memorysetup-profiler-allocator-block-size=16777216"
    "memorysetup-profiler-editor-allocator-block-size=1048576"
    "memorysetup-temp-allocator-size-main=16777216"
    "memorysetup-job-temp-allocator-block-size=2097152"
    "memorysetup-job-temp-allocator-block-size-background=1048576"
    "memorysetup-job-temp-allocator-reduction-small-platforms=262144"
    "memorysetup-allocator-temp-initial-block-size-main=262144"
    "memorysetup-allocator-temp-initial-block-size-worker=262144"
    "memorysetup-temp-allocator-size-background-worker=32768"
    "memorysetup-temp-allocator-size-job-worker=262144"
    "memorysetup-temp-allocator-size-preload-manager=33554432"
    "memorysetup-temp-allocator-size-nav-mesh-worker=65536"
    "memorysetup-temp-allocator-size-audio-worker=65536"
    "memorysetup-temp-allocator-size-cloud-worker=32768"
    "memorysetup-temp-allocator-size-gi-baking-worker=262144"
    "memorysetup-temp-allocator-size-gi-baking-worker=262144"
    "memorysetup-temp-allocator-size-gi-baking-worker=262144"
    "memorysetup-temp-allocator-size-gi-baking-worker=262144"
    "memorysetup-temp-allocator-size-gi-baking-worker=262144"
    "memorysetup-temp-allocator-size-gfx=262144"
Player connection [13056]  Target information:

Player connection [13056]  * "[IP] 192.168.0.134 [Port] 0 [Flags] 2 [Guid] 795628454 [EditorId] 795628454 [Version] 1048832 [Id] WindowsEditor(7,MSI) [Debug] 1 [PackageName] WindowsEditor [ProjectName] Editor" 

Player connection [13056] Host joined multi-casting on [225.0.0.222:54997]...
Player connection [13056] Host joined alternative multi-casting on [225.0.0.222:34997]...
JobSystem: Creating JobQueue using job-worker-count value 7
Input System module state changed to: Initialized.
[Physics::Module] Initialized fallback backend.
[Physics::Module] Id: 0xdecafbad
Library Redirect Path: Library/
[Physics::Module] Selected backend.
[Physics::Module] Name: PhysX
[Physics::Module] Id: 0xf2b8ea05
[Physics::Module] SDK Version: 4.1.2
[Physics::Module] Integration Version: 1.0.0
[Physics::Module] Threading Mode: Multi-Threaded
Refreshing native plugins compatible for Editor in 349.60 ms, found 4 plugins.
Preloading 0 native plugins for Editor in 0.00 ms.
Initialize engine version: 6000.0.36f1 (9fe3b5f71dbb)
[Subsystems] Discovering subsystems at path C:/Program Files/Unity/Hub/Editor/6000.0.36f1/Editor/Data/Resources/UnitySubsystems
[Subsystems] Discovering subsystems at path C:/Users/Morte/One man war/Assets
GfxDevice: creating device client; kGfxThreadingModeNonThreaded
Direct3D:
    Version:  Direct3D 11.0 [level 11.1]
    Renderer: NVIDIA GeForce RTX 4050 Laptop GPU (ID=0x28a1)
    Vendor:   NVIDIA
    VRAM:     5921 MB
    Driver:   32.0.15.6614
Initialize mono
Mono path[0] = 'C:/Program Files/Unity/Hub/Editor/6000.0.36f1/Editor/Data/Managed'
Mono path[1] = 'C:/Program Files/Unity/Hub/Editor/6000.0.36f1/Editor/Data/MonoBleedingEdge/lib/mono/unityjit-win32'
Mono config path = 'C:/Program Files/Unity/Hub/Editor/6000.0.36f1/Editor/Data/MonoBleedingEdge/etc'
Using monoOptions --debugger-agent=transport=dt_socket,embedding=1,server=y,suspend=n,address=127.0.0.1:56012
Begin MonoManager ReloadAssembly
Registering precompiled unity dll's ...
Register platform support module: C:/Program Files/Unity/Hub/Editor/6000.0.36f1/Editor/Data/PlaybackEngines/WindowsStandaloneSupport/UnityEditor.WindowsStandalone.Extensions.dll
Registered in 0.007829 seconds.
- Loaded All Assemblies, in 51.801 seconds
Native extension for WindowsStandalone target not found
Mono: successfully reloaded assembly
- Finished resetting the current domain, in  0.619 seconds
Domain Reload Profiling: 52415ms
	BeginReloadAssembly (47846ms)
		ExecutionOrderSort (0ms)
		DisableScriptedObjects (0ms)
		BackupInstance (0ms)
		ReleaseScriptingObjects (0ms)
		CreateAndSetChildDomain (1ms)
	RebuildCommonClasses (764ms)
	RebuildNativeTypeToScriptingClass (32ms)
	initialDomainReloadingComplete (144ms)
	LoadAllAssembliesAndSetupDomain (3007ms)
		LoadAssemblies (47843ms)
		RebuildTransferFunctionScriptingTraits (0ms)
		AnalyzeDomain (2999ms)
			TypeCache.Refresh (2996ms)
				TypeCache.ScanAssembly (2973ms)
			BuildScriptInfoCaches (0ms)
			ResolveRequiredComponents (1ms)
	FinalizeReload (620ms)
		ReleaseScriptCaches (0ms)
		RebuildScriptCaches (0ms)
		SetupLoadedEditorAssemblies (548ms)
			LogAssemblyErrors (0ms)
			InitializePlatformSupportModulesInManaged (46ms)
			SetLoadedEditorAssemblies (9ms)
			BeforeProcessingInitializeOnLoad (98ms)
			ProcessInitializeOnLoadAttributes (274ms)
			ProcessInitializeOnLoadMethodAttributes (121ms)
			AfterProcessingInitializeOnLoad (0ms)
			EditorAssembliesLoaded (0ms)
		ExecutionOrderSort2 (0ms)
		AwakeInstancesAfterBackupRestoration (0ms)
========================================================================
Worker process is ready to serve import requests
Import Worker Mode flag is 0x00
Begin MonoManager ReloadAssembly
- Loaded All Assemblies, in 12.420 seconds
Refreshing native plugins compatible for Editor in 4.41 ms, found 4 plugins.
Native extension for WindowsStandalone target not found
Mono: successfully reloaded assembly
- Finished resetting the current domain, in  3.972 seconds
Domain Reload Profiling: 16379ms
	BeginReloadAssembly (458ms)
		ExecutionOrderSort (0ms)
		DisableScriptedObjects (9ms)
		BackupInstance (0ms)
		ReleaseScriptingObjects (0ms)
		CreateAndSetChildDomain (45ms)
	RebuildCommonClasses (101ms)
	RebuildNativeTypeToScriptingClass (21ms)
	initialDomainReloadingComplete (80ms)
	LoadAllAssembliesAndSetupDomain (11746ms)
		LoadAssemblies (11034ms)
		RebuildTransferFunctionScriptingTraits (0ms)
		AnalyzeDomain (1054ms)
			TypeCache.Refresh (920ms)
				TypeCache.ScanAssembly (309ms)
			BuildScriptInfoCaches (106ms)
			ResolveRequiredComponents (18ms)
	FinalizeReload (3973ms)
		ReleaseScriptCaches (0ms)
		RebuildScriptCaches (0ms)
		SetupLoadedEditorAssemblies (2576ms)
			LogAssemblyErrors (0ms)
			InitializePlatformSupportModulesInManaged (4ms)
			SetLoadedEditorAssemblies (8ms)
			BeforeProcessingInitializeOnLoad (177ms)
			ProcessInitializeOnLoadAttributes (546ms)
			ProcessInitializeOnLoadMethodAttributes (1835ms)
			AfterProcessingInitializeOnLoad (5ms)
			EditorAssembliesLoaded (0ms)
		ExecutionOrderSort2 (0ms)
		AwakeInstancesAfterBackupRestoration (7ms)
Launched and connected shader compiler UnityShaderCompiler.exe after 0.27 seconds
Refreshing native plugins compatible for Editor in 3.54 ms, found 4 plugins.
Preloading 0 native plugins for Editor in 0.00 ms.
Unloading 206 Unused Serialized files (Serialized files now loaded: 0)
Unloading 6555 unused Assets / (3.8 MB). Loaded Objects now: 7253.
Memory consumption went from 180.3 MB to 176.4 MB.
Total: 14.362700 ms (FindLiveObjects: 2.048600 ms CreateObjectMapping: 0.763200 ms MarkObjects: 7.976400 ms  DeleteObjects: 3.572700 ms)

========================================================================
Received Import Request.
  Time since last request: 1701869.525675 seconds.
  path: Assets/Pixel Monster Pack/sprite-sheet-32x32.png
  artifactKey: Guid(c3a0ffcab94f86043aa02beca70d680b) Importer(815301076,1909f56bfc062723c751e8b465ee728b)
Start importing Assets/Pixel Monster Pack/sprite-sheet-32x32.png using Guid(c3a0ffcab94f86043aa02beca70d680b) Importer(815301076,1909f56bfc062723c751e8b465ee728b) (PreviewImporter) -> (artifact id: '217f59cf3f67d03cc497b6d5f37841b6') in 0.4656918 seconds
Number of updated asset objects reloaded before import = 0Number of asset objects unloaded after import = 42

========================================================================
Received Import Request.
  Time since last request: 202.582062 seconds.
  path: Assets/0x72_DungeonTilesetII_v1.7.png
  artifactKey: Guid(4cd071d7ec9c1174281464f25f70e7d4) Importer(815301076,1909f56bfc062723c751e8b465ee728b)
Start importing Assets/0x72_DungeonTilesetII_v1.7.png using Guid(4cd071d7ec9c1174281464f25f70e7d4) Importer(815301076,1909f56bfc062723c751e8b465ee728b) (PreviewImporter) -> (artifact id: '4dc52c1bea55ce924d4fe1948e75cc58') in 0.8246201 seconds
Number of updated asset objects reloaded before import = 0Number of asset objects unloaded after import = 297

========================================================================
Received Import Request.
  Time since last request: 38.212974 seconds.
  path: Assets/SmallScaleInt
  artifactKey: Guid(ce4fbbd11d183a74cb158053b0c092b6) Importer(815301076,1909f56bfc062723c751e8b465ee728b)
Start importing Assets/SmallScaleInt using Guid(ce4fbbd11d183a74cb158053b0c092b6) Importer(815301076,1909f56bfc062723c751e8b465ee728b) (PreviewImporter) -> (artifact id: '5c9b80bae68372cd2653e35e8a108dac') in 0.0013269 seconds
Number of updated asset objects reloaded before import = 0Number of asset objects unloaded after import = 0

========================================================================
Received Import Request.
  Time since last request: 1.157683 seconds.
  path: Assets/SmallScaleInt/Soldier - 2D Pixel Character
  artifactKey: Guid(d3ee0249fa68e344285b84af7e621065) Importer(815301076,1909f56bfc062723c751e8b465ee728b)
Start importing Assets/SmallScaleInt/Soldier - 2D Pixel Character using Guid(d3ee0249fa68e344285b84af7e621065) Importer(815301076,1909f56bfc062723c751e8b465ee728b) (PreviewImporter) -> (artifact id: '21c5080eb33f2f101faf7addfa75a98d') in 0.0010306 seconds
Number of updated asset objects reloaded before import = 0Number of asset objects unloaded after import = 0

========================================================================
Received Import Request.
  Time since last request: 1.386310 seconds.
  path: Assets/SmallScaleInt/Soldier - 2D Pixel Character/Soldier
  artifactKey: Guid(8d5cb4dbfcf3b3044bdfaee233ec66a4) Importer(815301076,1909f56bfc062723c751e8b465ee728b)
Start importing Assets/SmallScaleInt/Soldier - 2D Pixel Character/Soldier using Guid(8d5cb4dbfcf3b3044bdfaee233ec66a4) Importer(815301076,1909f56bfc062723c751e8b465ee728b) (PreviewImporter) -> (artifact id: 'c211323472a3d16b40f6a8818f38259d') in 0.0008481 seconds
Number of updated asset objects reloaded before import = 0Number of asset objects unloaded after import = 0

========================================================================
Received Import Request.
  Time since last request: 11.706545 seconds.
  path: Assets/SmallScaleInt/Soldier - 2D Pixel Character/Soldier/Idle
  artifactKey: Guid(1d66057f307d3654fa6f75e3759848ff) Importer(815301076,1909f56bfc062723c751e8b465ee728b)
Start importing Assets/SmallScaleInt/Soldier - 2D Pixel Character/Soldier/Idle using Guid(1d66057f307d3654fa6f75e3759848ff) Importer(815301076,1909f56bfc062723c751e8b465ee728b) (PreviewImporter) -> (artifact id: '4630ca14b6dbec5c1cfa473557637d32') in 0.0010386 seconds
Number of updated asset objects reloaded before import = 0Number of asset objects unloaded after import = 0

========================================================================
Received Import Request.
  Time since last request: 2.571948 seconds.
  path: Assets/SmallScaleInt/Soldier - 2D Pixel Character/Soldier/Idle/W
  artifactKey: Guid(a1c621376e5f82c4eb8b1e5e4ade7a90) Importer(815301076,1909f56bfc062723c751e8b465ee728b)
Start importing Assets/SmallScaleInt/Soldier - 2D Pixel Character/Soldier/Idle/W using Guid(a1c621376e5f82c4eb8b1e5e4ade7a90) Importer(815301076,1909f56bfc062723c751e8b465ee728b) (PreviewImporter) -> (artifact id: 'dd34336b55f9b19c417549f5afd21ceb') in 0.0016454 seconds
Number of updated asset objects reloaded before import = 0Number of asset objects unloaded after import = 0

========================================================================
Received Import Request.
  Time since last request: 0.042216 seconds.
  path: Assets/SmallScaleInt/Soldier - 2D Pixel Character/Soldier/Idle/W/Idle_180_000.png
  artifactKey: Guid(c8600993d0df1f340b6eab067955eed0) Importer(815301076,1909f56bfc062723c751e8b465ee728b)
Start importing Assets/SmallScaleInt/Soldier - 2D Pixel Character/Soldier/Idle/W/Idle_180_000.png using Guid(c8600993d0df1f340b6eab067955eed0) Importer(815301076,1909f56bfc062723c751e8b465ee728b) (PreviewImporter) -> (artifact id: '6c75bee3d4df82d5a0251fdffacb4b40') in 0.0360183 seconds
Number of updated asset objects reloaded before import = 0Number of asset objects unloaded after import = 3

========================================================================
Received Import Request.
  Time since last request: 0.000023 seconds.
  path: Assets/SmallScaleInt/Soldier - 2D Pixel Character/Soldier/Idle/W/Idle_180_010.png
  artifactKey: Guid(b4a6a43c54646d94da84af42bdf77429) Importer(815301076,1909f56bfc062723c751e8b465ee728b)
Start importing Assets/SmallScaleInt/Soldier - 2D Pixel Character/Soldier/Idle/W/Idle_180_010.png using Guid(b4a6a43c54646d94da84af42bdf77429) Importer(815301076,1909f56bfc062723c751e8b465ee728b) (PreviewImporter) -> (artifact id: 'c63d6a062d506e0b0ed5c21889cf388d') in 0.037987 seconds
Number of updated asset objects reloaded before import = 0Number of asset objects unloaded after import = 3

========================================================================
Received Import Request.
  Time since last request: 0.000043 seconds.
  path: Assets/SmallScaleInt/Soldier - 2D Pixel Character/Soldier/Idle/W/Idle_180_026.png
  artifactKey: Guid(a645c4048ab2b6e4f9dea0e9734d62a3) Importer(815301076,1909f56bfc062723c751e8b465ee728b)
Start importing Assets/SmallScaleInt/Soldier - 2D Pixel Character/Soldier/Idle/W/Idle_180_026.png using Guid(a645c4048ab2b6e4f9dea0e9734d62a3) Importer(815301076,1909f56bfc062723c751e8b465ee728b) (PreviewImporter) -> (artifact id: '7cb2e0b5718d1acd877d62fc3dd446e8') in 0.029287 seconds
Number of updated asset objects reloaded before import = 0Number of asset objects unloaded after import = 3

========================================================================
Received Import Request.
  Time since last request: 0.000052 seconds.
  path: Assets/SmallScaleInt/Soldier - 2D Pixel Character/Soldier/Idle/W/Idle_180_028.png
  artifactKey: Guid(87cbe6647ba7b63428dd20a0e81e0bfc) Importer(815301076,1909f56bfc062723c751e8b465ee728b)
Start importing Assets/SmallScaleInt/Soldier - 2D Pixel Character/Soldier/Idle/W/Idle_180_028.png using Guid(87cbe6647ba7b63428dd20a0e81e0bfc) Importer(815301076,1909f56bfc062723c751e8b465ee728b) (PreviewImporter) -> (artifact id: 'cc39c0c8cfb3c61b9fad51609fd4ecf7') in 0.0290156 seconds
Number of updated asset objects reloaded before import = 0Number of asset objects unloaded after import = 3

========================================================================
Received Import Request.
  Time since last request: 0.000017 seconds.
  path: Assets/SmallScaleInt/Soldier - 2D Pixel Character/Soldier/Idle/W/Idle_180_014.png
  artifactKey: Guid(e5dc94769b7398740b5118f52bbb7676) Importer(815301076,1909f56bfc062723c751e8b465ee728b)
Start importing Assets/SmallScaleInt/Soldier - 2D Pixel Character/Soldier/Idle/W/Idle_180_014.png using Guid(e5dc94769b7398740b5118f52bbb7676) Importer(815301076,1909f56bfc062723c751e8b465ee728b) (PreviewImporter) -> (artifact id: '123343370a701ef871b07e2ae137b914') in 0.0409422 seconds
Number of updated asset objects reloaded before import = 0Number of asset objects unloaded after import = 3

========================================================================
Received Import Request.
  Time since last request: 0.000078 seconds.
  path: Assets/SmallScaleInt/Soldier - 2D Pixel Character/Soldier/Idle/W/Idle_180_022.png
  artifactKey: Guid(4e043f959e791b14ab7db14ccd0e6961) Importer(815301076,1909f56bfc062723c751e8b465ee728b)
Start importing Assets/SmallScaleInt/Soldier - 2D Pixel Character/Soldier/Idle/W/Idle_180_022.png using Guid(4e043f959e791b14ab7db14ccd0e6961) Importer(815301076,1909f56bfc062723c751e8b465ee728b) (PreviewImporter) -> (artifact id: 'f262c709346d60b4bbb85cca15814832') in 0.0374519 seconds
Number of updated asset objects reloaded before import = 0Number of asset objects unloaded after import = 3

========================================================================
Received Import Request.
  Time since last request: 0.000034 seconds.
  path: Assets/SmallScaleInt/Soldier - 2D Pixel Character/Soldier/Idle/W/Idle_180_006.png
  artifactKey: Guid(90cbbd5874b05fa48b58e1f8c351929c) Importer(815301076,1909f56bfc062723c751e8b465ee728b)
Start importing Assets/SmallScaleInt/Soldier - 2D Pixel Character/Soldier/Idle/W/Idle_180_006.png using Guid(90cbbd5874b05fa48b58e1f8c351929c) Importer(815301076,1909f56bfc062723c751e8b465ee728b) (PreviewImporter) -> (artifact id: '1075da5b46461a237d369a6974ad9f2f') in 0.0276445 seconds
Number of updated asset objects reloaded before import = 0Number of asset objects unloaded after import = 3

========================================================================
Received Import Request.
  Time since last request: 0.000056 seconds.
  path: Assets/SmallScaleInt/Soldier - 2D Pixel Character/Soldier/Idle/W/Idle_180_008.png
  artifactKey: Guid(09dc97539896e0d43b3df69070fc49db) Importer(815301076,1909f56bfc062723c751e8b465ee728b)
Start importing Assets/SmallScaleInt/Soldier - 2D Pixel Character/Soldier/Idle/W/Idle_180_008.png using Guid(09dc97539896e0d43b3df69070fc49db) Importer(815301076,1909f56bfc062723c751e8b465ee728b) (PreviewImporter) -> (artifact id: '34551eb123c300cdb5503ac6c4a6f5ec') in 0.0353231 seconds
Number of updated asset objects reloaded before import = 0Number of asset objects unloaded after import = 3

========================================================================
Received Import Request.
  Time since last request: 49.057226 seconds.
  path: Assets/SmallScaleInt/Soldier - 2D Pixel Character/Soldier/Idle/E/Idle_0_002.png
  artifactKey: Guid(b25f4236338f2bd4db07bf00a857e60b) Importer(815301076,1909f56bfc062723c751e8b465ee728b)
Start importing Assets/SmallScaleInt/Soldier - 2D Pixel Character/Soldier/Idle/E/Idle_0_002.png using Guid(b25f4236338f2bd4db07bf00a857e60b) Importer(815301076,1909f56bfc062723c751e8b465ee728b) (PreviewImporter) -> (artifact id: '53c27205a847b6d05428e23f1db332d5') in 0.0354723 seconds
Number of updated asset objects reloaded before import = 0Number of asset objects unloaded after import = 3

========================================================================
Received Import Request.
  Time since last request: 0.000032 seconds.
  path: Assets/SmallScaleInt/Soldier - 2D Pixel Character/Soldier/Idle/E/Idle_0_014.png
  artifactKey: Guid(a0206b69b92407142b2f3a73b1ee64e9) Importer(815301076,1909f56bfc062723c751e8b465ee728b)
Start importing Assets/SmallScaleInt/Soldier - 2D Pixel Character/Soldier/Idle/E/Idle_0_014.png using Guid(a0206b69b92407142b2f3a73b1ee64e9) Importer(815301076,1909f56bfc062723c751e8b465ee728b) (PreviewImporter) -> (artifact id: 'c3ab43255a0e02a8ee8a4dad7dc58ae4') in 0.0327068 seconds
Number of updated asset objects reloaded before import = 0Number of asset objects unloaded after import = 3

========================================================================
Received Import Request.
  Time since last request: 0.000029 seconds.
  path: Assets/SmallScaleInt/Soldier - 2D Pixel Character/Soldier/Idle/E/Idle_0_012.png
  artifactKey: Guid(66e8688acbc628b47a9d79c30580d33e) Importer(815301076,1909f56bfc062723c751e8b465ee728b)
Start importing Assets/SmallScaleInt/Soldier - 2D Pixel Character/Soldier/Idle/E/Idle_0_012.png using Guid(66e8688acbc628b47a9d79c30580d33e) Importer(815301076,1909f56bfc062723c751e8b465ee728b) (PreviewImporter) -> (artifact id: '4e89fd7f0f42b1f6ece639de9133a5ea') in 0.0307468 seconds
Number of updated asset objects reloaded before import = 0Number of asset objects unloaded after import = 3

========================================================================
Received Import Request.
  Time since last request: 0.000044 seconds.
  path: Assets/SmallScaleInt/Soldier - 2D Pixel Character/Soldier/Idle/E/Idle_0_026.png
  artifactKey: Guid(4adefd76d8b59ec43871e3a252327448) Importer(815301076,1909f56bfc062723c751e8b465ee728b)
Start importing Assets/SmallScaleInt/Soldier - 2D Pixel Character/Soldier/Idle/E/Idle_0_026.png using Guid(4adefd76d8b59ec43871e3a252327448) Importer(815301076,1909f56bfc062723c751e8b465ee728b) (PreviewImporter) -> (artifact id: 'c6a88e72ec5362641faa44bf30494450') in 0.0339145 seconds
Number of updated asset objects reloaded before import = 0Number of asset objects unloaded after import = 3

========================================================================
Received Import Request.
  Time since last request: 0.000017 seconds.
  path: Assets/SmallScaleInt/Soldier - 2D Pixel Character/Soldier/Idle/E/Idle_0_018.png
  artifactKey: Guid(bfb6c5cfd70a60349aeecb458c410767) Importer(815301076,1909f56bfc062723c751e8b465ee728b)
Start importing Assets/SmallScaleInt/Soldier - 2D Pixel Character/Soldier/Idle/E/Idle_0_018.png using Guid(bfb6c5cfd70a60349aeecb458c410767) Importer(815301076,1909f56bfc062723c751e8b465ee728b) (PreviewImporter) -> (artifact id: '9b0cf1902edfa4a10551b24721d62e6d') in 0.027125 seconds
Number of updated asset objects reloaded before import = 0Number of asset objects unloaded after import = 3

Editor requested this worker to shutdown with reason: Scaling down because of idle timeout
AssetImportWorker is now disconnected from the server
Process exiting
Exiting without the bug reporter. Application will terminate with return code 0